2019-11-16 13:52:05,237 [INFO] Activator:176 - 


2019-11-16 13:52:05,240 [INFO] Activator:177 - !SESSION log4j initialized
2019-11-16 13:53:15,675 [INFO] ApplicationProperties:181 - Using Application install path: /opt/st/stm32cubeide_1.1.0/plugins/com.st.stm32cube.common.mx_5.4.0.201910091541
2019-11-16 13:53:15,689 [INFO] DbMcusXml:68 - Set database path to: /opt/st/stm32cubeide_1.1.0/plugins/com.st.stm32cube.common.mx_5.4.0.201910091541//db//mcu/
2019-11-16 13:53:15,693 [INFO] DbBoardsPdsc:54 - Set plugin database path to: /opt/st/stm32cubeide_1.1.0/plugins/com.st.stm32cube.common.mx_5.4.0.201910091541//db//plugins/boardmanager/
2019-11-16 13:53:15,694 [INFO] DbMcus:265 - Set plugin images path to: /opt/st/stm32cubeide_1.1.0/plugins/com.st.stm32cube.common.mx_5.4.0.201910091541//db//plugins/mcufinder/images/
2019-11-16 13:53:15,694 [INFO] DbBoards:232 - Set plugin images path to: /opt/st/stm32cubeide_1.1.0/plugins/com.st.stm32cube.common.mx_5.4.0.201910091541//db//plugins/mcufinder/images/
2019-11-16 13:53:15,696 [INFO] APIGFXSelector:72 - Set database path to: /opt/st/stm32cubeide_1.1.0/plugins/com.st.stm32cube.common.mx_5.4.0.201910091541//db//plugins/mcufinder/mcu/
2019-11-16 13:53:15,700 [INFO] DbMcusAds:72 - Set database path to: /home/fuad/.stmcufinder/plugins/mcufinder//mcu/
2019-11-16 13:53:15,701 [INFO] DbMcusDocs:92 - Set database path to: /home/fuad/.stmcufinder/plugins/mcufinder//mcu/
2019-11-16 13:53:15,704 [INFO] DbMcusJson:59 - Set database path to: /home/fuad/.stmcufinder/plugins/mcufinder//mcu/
2019-11-16 13:53:15,705 [INFO] DbBoardsDocs:84 - Set database path to: /home/fuad/.stmcufinder/plugins/mcufinder//mcu/
2019-11-16 13:53:15,706 [INFO] DbBoardsJson:51 - Set database path to: /home/fuad/.stmcufinder/plugins/mcufinder//mcu/
2019-11-16 13:53:15,897 [INFO] CrossReferenceDbSqlite:197 - Set database path to: /home/fuad/.stmcufinder/plugins/mcufinder//mcu/cs/
2019-11-16 13:53:16,048 [INFO] RulesReader:52 - Compatibility file has been processed (179 Rules)
2019-11-16 13:53:16,088 [INFO] MicroXplorer:570 - Detected Java Version = 1.8.0_202
2019-11-16 13:53:16,088 [INFO] DbMcusXml:68 - Set database path to: /opt/st/stm32cubeide_1.1.0/plugins/com.st.stm32cube.common.mx_5.4.0.201910091541//db//mcu/
2019-11-16 13:53:16,088 [INFO] DbBoardsPdsc:54 - Set plugin database path to: /opt/st/stm32cubeide_1.1.0/plugins/com.st.stm32cube.common.mx_5.4.0.201910091541//db//plugins/boardmanager/
2019-11-16 13:53:16,089 [INFO] DbMcus:265 - Set plugin images path to: /opt/st/stm32cubeide_1.1.0/plugins/com.st.stm32cube.common.mx_5.4.0.201910091541//db//plugins/mcufinder/images/
2019-11-16 13:53:16,089 [INFO] DbBoards:232 - Set plugin images path to: /opt/st/stm32cubeide_1.1.0/plugins/com.st.stm32cube.common.mx_5.4.0.201910091541//db//plugins/mcufinder/images/
2019-11-16 13:53:16,089 [INFO] APIGFXSelector:72 - Set database path to: /opt/st/stm32cubeide_1.1.0/plugins/com.st.stm32cube.common.mx_5.4.0.201910091541//db//plugins/mcufinder/mcu/
2019-11-16 13:53:16,090 [WARN] DbFile:31 - Overriding database path with different value: /home/fuad/.stmcufinder/plugins/mcufinder/ => /home/fuad/.stmcufinder/plugins/mcufinder
2019-11-16 13:53:16,090 [INFO] DbMcusAds:72 - Set database path to: /home/fuad/.stmcufinder/plugins/mcufinder//mcu/
2019-11-16 13:53:16,090 [WARN] DbFile:31 - Overriding database path with different value: /home/fuad/.stmcufinder/plugins/mcufinder/ => /home/fuad/.stmcufinder/plugins/mcufinder
2019-11-16 13:53:16,090 [INFO] DbMcusDocs:92 - Set database path to: /home/fuad/.stmcufinder/plugins/mcufinder//mcu/
2019-11-16 13:53:16,090 [WARN] DbFile:31 - Overriding database path with different value: /home/fuad/.stmcufinder/plugins/mcufinder/ => /home/fuad/.stmcufinder/plugins/mcufinder
2019-11-16 13:53:16,090 [INFO] DbMcusJson:59 - Set database path to: /home/fuad/.stmcufinder/plugins/mcufinder//mcu/
2019-11-16 13:53:16,090 [WARN] DbFile:31 - Overriding database path with different value: /home/fuad/.stmcufinder/plugins/mcufinder/ => /home/fuad/.stmcufinder/plugins/mcufinder
2019-11-16 13:53:16,090 [INFO] DbBoardsDocs:84 - Set database path to: /home/fuad/.stmcufinder/plugins/mcufinder//mcu/
2019-11-16 13:53:16,090 [WARN] DbFile:31 - Overriding database path with different value: /home/fuad/.stmcufinder/plugins/mcufinder/ => /home/fuad/.stmcufinder/plugins/mcufinder
2019-11-16 13:53:16,091 [INFO] DbBoardsJson:51 - Set database path to: /home/fuad/.stmcufinder/plugins/mcufinder//mcu/
2019-11-16 13:53:16,091 [WARN] DbFile:31 - Overriding database path with different value: /home/fuad/.stmcufinder/plugins/mcufinder/ => /home/fuad/.stmcufinder/plugins/mcufinder
2019-11-16 13:53:16,091 [WARN] DbFile:31 - Overriding database path with different value: /home/fuad/.stmcufinder/plugins/mcufinder/ => /home/fuad/.stmcufinder/plugins/mcufinder
2019-11-16 13:53:16,091 [INFO] CrossReferenceDbSqlite:197 - Set database path to: /home/fuad/.stmcufinder/plugins/mcufinder//mcu/cs/
2019-11-16 13:53:16,141 [INFO] MainPanel:185 - HeapMemory: 274726912
2019-11-16 13:53:16,195 [INFO] DbMcusXml:68 - Set database path to: /opt/st/stm32cubeide_1.1.0/plugins/com.st.stm32cube.common.mx_5.4.0.201910091541//db//mcu/
2019-11-16 13:53:16,195 [INFO] DbBoardsPdsc:54 - Set plugin database path to: /opt/st/stm32cubeide_1.1.0/plugins/com.st.stm32cube.common.mx_5.4.0.201910091541//db//plugins/boardmanager/
2019-11-16 13:53:16,195 [INFO] DbMcus:265 - Set plugin images path to: /opt/st/stm32cubeide_1.1.0/plugins/com.st.stm32cube.common.mx_5.4.0.201910091541//db//plugins/mcufinder/images/
2019-11-16 13:53:16,196 [INFO] DbBoards:232 - Set plugin images path to: /opt/st/stm32cubeide_1.1.0/plugins/com.st.stm32cube.common.mx_5.4.0.201910091541//db//plugins/mcufinder/images/
2019-11-16 13:53:16,196 [INFO] APIGFXSelector:72 - Set database path to: /opt/st/stm32cubeide_1.1.0/plugins/com.st.stm32cube.common.mx_5.4.0.201910091541//db//plugins/mcufinder/mcu/
2019-11-16 13:53:16,196 [WARN] DbFile:31 - Overriding database path with different value: /home/fuad/.stmcufinder/plugins/mcufinder/ => /home/fuad/.stmcufinder/plugins/mcufinder
2019-11-16 13:53:16,196 [INFO] DbMcusAds:72 - Set database path to: /home/fuad/.stmcufinder/plugins/mcufinder//mcu/
2019-11-16 13:53:16,196 [WARN] DbFile:31 - Overriding database path with different value: /home/fuad/.stmcufinder/plugins/mcufinder/ => /home/fuad/.stmcufinder/plugins/mcufinder
2019-11-16 13:53:16,196 [INFO] DbMcusDocs:92 - Set database path to: /home/fuad/.stmcufinder/plugins/mcufinder//mcu/
2019-11-16 13:53:16,196 [WARN] DbFile:31 - Overriding database path with different value: /home/fuad/.stmcufinder/plugins/mcufinder/ => /home/fuad/.stmcufinder/plugins/mcufinder
2019-11-16 13:53:16,196 [INFO] DbMcusJson:59 - Set database path to: /home/fuad/.stmcufinder/plugins/mcufinder//mcu/
2019-11-16 13:53:16,197 [WARN] DbFile:31 - Overriding database path with different value: /home/fuad/.stmcufinder/plugins/mcufinder/ => /home/fuad/.stmcufinder/plugins/mcufinder
2019-11-16 13:53:16,197 [INFO] DbBoardsDocs:84 - Set database path to: /home/fuad/.stmcufinder/plugins/mcufinder//mcu/
2019-11-16 13:53:16,197 [WARN] DbFile:31 - Overriding database path with different value: /home/fuad/.stmcufinder/plugins/mcufinder/ => /home/fuad/.stmcufinder/plugins/mcufinder
2019-11-16 13:53:16,197 [INFO] DbBoardsJson:51 - Set database path to: /home/fuad/.stmcufinder/plugins/mcufinder//mcu/
2019-11-16 13:53:16,197 [WARN] DbFile:31 - Overriding database path with different value: /home/fuad/.stmcufinder/plugins/mcufinder/ => /home/fuad/.stmcufinder/plugins/mcufinder
2019-11-16 13:53:16,197 [WARN] DbFile:31 - Overriding database path with different value: /home/fuad/.stmcufinder/plugins/mcufinder/ => /home/fuad/.stmcufinder/plugins/mcufinder
2019-11-16 13:53:16,197 [INFO] CrossReferenceDbSqlite:197 - Set database path to: /home/fuad/.stmcufinder/plugins/mcufinder//mcu/cs/
2019-11-16 13:53:16,209 [INFO] ApplicationProperties:181 - Using Application install path: /opt/st/stm32cubeide_1.1.0/plugins/com.st.stm32cube.common.mx_5.4.0.201910091541
2019-11-16 13:53:16,211 [INFO] PluginManage:178 - Search for loadable plugins [exclusion list=]
2019-11-16 13:53:16,211 [INFO] PluginManage:292 - Check plugin analytics
2019-11-16 13:53:16,215 [INFO] PluginManage:342 - Loaded plugin analytics (category:tool,tabindex:-1)
2019-11-16 13:53:16,215 [INFO] PluginManage:292 - Check plugin clock
2019-11-16 13:53:16,222 [INFO] PluginManage:342 - Loaded plugin clock (category:base,tabindex:2)
2019-11-16 13:53:16,222 [INFO] PluginManage:292 - Check plugin ddr
2019-11-16 13:53:16,224 [INFO] PluginManage:342 - Loaded plugin ddr (category:tool,tabindex:6)
2019-11-16 13:53:16,224 [INFO] PluginManage:292 - Check plugin filemanager
2019-11-16 13:53:16,315 [INFO] PluginManage:342 - Loaded plugin filemanager (category:base,tabindex:10)
2019-11-16 13:53:16,316 [INFO] PluginManage:292 - Check plugin ipmanager
2019-11-16 13:53:16,320 [INFO] PluginManage:342 - Loaded plugin ipmanager (category:base,tabindex:5)
2019-11-16 13:53:16,320 [INFO] PluginManage:292 - Check plugin pinoutandconfiguration
2019-11-16 13:53:16,326 [INFO] PluginManage:342 - Loaded plugin pinoutandconfiguration (category:base,tabindex:1)
2019-11-16 13:53:16,326 [INFO] PluginManage:292 - Check plugin pinoutconfig
2019-11-16 13:53:16,341 [INFO] PluginManage:342 - Loaded plugin pinoutconfig (category:base,tabindex:0)
2019-11-16 13:53:16,341 [INFO] PluginManage:292 - Check plugin power
2019-11-16 13:53:16,346 [INFO] PluginManage:342 - Loaded plugin power (category:power,tabindex:4)
2019-11-16 13:53:16,347 [INFO] PluginManage:292 - Check plugin projectmanager
2019-11-16 13:53:16,356 [INFO] PluginManage:342 - Loaded plugin projectmanager (category:projectmanager,tabindex:3)
2019-11-16 13:53:16,357 [INFO] PluginManage:292 - Check plugin thirdparty
2019-11-16 13:53:16,389 [INFO] ThirdPartyDb:294 - Open Third Party DataBase File (/home/fuad/.stm32cubemx/plugins/thirdparty/db/thirdparties_db.xml) : 19 ms. number of Sw pack : 4
2019-11-16 13:53:16,412 [INFO] PluginManage:342 - Loaded plugin thirdparty (category:base,tabindex:-1)
2019-11-16 13:53:16,413 [INFO] PluginManage:292 - Check plugin tools
2019-11-16 13:53:16,416 [INFO] PluginManage:342 - Loaded plugin tools (category:base,tabindex:7)
2019-11-16 13:53:16,416 [INFO] PluginManage:292 - Check plugin updater
2019-11-16 13:53:16,426 [INFO] PluginManage:342 - Loaded plugin updater (category:base,tabindex:12)
2019-11-16 13:53:16,426 [INFO] PluginManage:265 - PluginManage : Loaded plugins [12]
2019-11-16 13:53:16,542 [INFO] PinOutPanel:1367 - setPackage(No Configuration,No Configuration)
2019-11-16 13:53:16,634 [INFO] IPUIPlugin:63 - create IPUIPlugin
2019-11-16 13:53:16,635 [INFO] PluginManager:200 - loadIPPluginJar : add gfxsimulator
2019-11-16 13:53:16,640 [INFO] IPUIPlugin:63 - create IPUIPlugin
2019-11-16 13:53:16,641 [INFO] PluginManager:200 - loadIPPluginJar : add i2c
2019-11-16 13:53:16,643 [INFO] IPUIPlugin:63 - create IPUIPlugin
2019-11-16 13:53:16,643 [INFO] PluginManager:200 - loadIPPluginJar : add hash
2019-11-16 13:53:16,647 [INFO] IPUIPlugin:63 - create IPUIPlugin
2019-11-16 13:53:16,648 [INFO] PluginManager:200 - loadIPPluginJar : add resmgrutility
2019-11-16 13:53:16,653 [INFO] IPUIPlugin:63 - create IPUIPlugin
2019-11-16 13:53:16,654 [INFO] PluginManager:200 - loadIPPluginJar : add freertos
2019-11-16 13:53:16,656 [INFO] IPUIPlugin:63 - create IPUIPlugin
2019-11-16 13:53:16,657 [INFO] PluginManager:200 - loadIPPluginJar : add cryp
2019-11-16 13:53:16,659 [INFO] IPUIPlugin:63 - create IPUIPlugin
2019-11-16 13:53:16,659 [INFO] PluginManager:200 - loadIPPluginJar : add aes
2019-11-16 13:53:16,661 [INFO] IPUIPlugin:63 - create IPUIPlugin
2019-11-16 13:53:16,662 [INFO] PluginManager:200 - loadIPPluginJar : add can
2019-11-16 13:53:16,665 [INFO] IPUIPlugin:63 - create IPUIPlugin
2019-11-16 13:53:16,665 [INFO] PluginManager:200 - loadIPPluginJar : add touchsensing
2019-11-16 13:53:16,667 [INFO] IPUIPlugin:63 - create IPUIPlugin
2019-11-16 13:53:16,668 [INFO] PluginManager:200 - loadIPPluginJar : add ucpd
2019-11-16 13:53:16,674 [INFO] IPUIPlugin:63 - create IPUIPlugin
2019-11-16 13:53:16,680 [INFO] PluginManager:200 - loadIPPluginJar : add adc
2019-11-16 13:53:16,683 [INFO] IPUIPlugin:63 - create IPUIPlugin
2019-11-16 13:53:16,684 [INFO] PluginManager:200 - loadIPPluginJar : add fmc
2019-11-16 13:53:16,685 [INFO] IPUIPlugin:63 - create IPUIPlugin
2019-11-16 13:53:16,686 [INFO] PluginManager:200 - loadIPPluginJar : add pdm2pcm
2019-11-16 13:53:16,688 [INFO] IPUIPlugin:63 - create IPUIPlugin
2019-11-16 13:53:16,688 [INFO] PluginManager:200 - loadIPPluginJar : add i2s
2019-11-16 13:53:16,690 [INFO] IPUIPlugin:63 - create IPUIPlugin
2019-11-16 13:53:16,690 [INFO] PluginManager:200 - loadIPPluginJar : add comp
2019-11-16 13:53:16,692 [INFO] IPUIPlugin:63 - create IPUIPlugin
2019-11-16 13:53:16,692 [INFO] PluginManager:200 - loadIPPluginJar : add dfsdm
2019-11-16 13:53:16,694 [INFO] IPUIPlugin:63 - create IPUIPlugin
2019-11-16 13:53:16,695 [INFO] PluginManager:200 - loadIPPluginJar : add usart
2019-11-16 13:53:16,696 [INFO] IPUIPlugin:63 - create IPUIPlugin
2019-11-16 13:53:16,697 [INFO] PluginManager:200 - loadIPPluginJar : add ts
2019-11-16 13:53:16,701 [INFO] IPUIPlugin:63 - create IPUIPlugin
2019-11-16 13:53:16,702 [INFO] PluginManager:200 - loadIPPluginJar : add dma
2019-11-16 13:53:16,702 [INFO] IPUIPlugin:63 - create IPUIPlugin
2019-11-16 13:53:16,703 [INFO] PluginManager:200 - loadIPPluginJar : add ltdc
2019-11-16 13:53:16,705 [INFO] IPUIPlugin:63 - create IPUIPlugin
2019-11-16 13:53:16,705 [INFO] PluginManager:200 - loadIPPluginJar : add opamp
2019-11-16 13:53:16,707 [INFO] IPUIPlugin:63 - create IPUIPlugin
2019-11-16 13:53:16,708 [INFO] PluginManager:200 - loadIPPluginJar : add gtzc
2019-11-16 13:53:16,711 [INFO] IPUIPlugin:63 - create IPUIPlugin
2019-11-16 13:53:16,711 [INFO] PluginManager:200 - loadIPPluginJar : add gpio
2019-11-16 13:53:16,713 [INFO] IPUIPlugin:63 - create IPUIPlugin
2019-11-16 13:53:16,714 [INFO] PluginManager:200 - loadIPPluginJar : add mdma
2019-11-16 13:53:16,715 [INFO] IPUIPlugin:63 - create IPUIPlugin
2019-11-16 13:53:16,715 [INFO] PluginManager:200 - loadIPPluginJar : add genericplugin
2019-11-16 13:53:16,717 [INFO] IPUIPlugin:63 - create IPUIPlugin
2019-11-16 13:53:16,718 [INFO] PluginManager:200 - loadIPPluginJar : add nvic
2019-11-16 13:53:16,719 [INFO] IPUIPlugin:63 - create IPUIPlugin
2019-11-16 13:53:16,720 [INFO] PluginManager:200 - loadIPPluginJar : add stm32_wpan
2019-11-16 13:53:16,722 [INFO] IPUIPlugin:63 - create IPUIPlugin
2019-11-16 13:53:16,722 [INFO] PluginManager:200 - loadIPPluginJar : add sai
2019-11-16 13:53:16,726 [INFO] IPUIPlugin:63 - create IPUIPlugin
2019-11-16 13:53:16,729 [INFO] PluginManager:200 - loadIPPluginJar : add plateformsettings
2019-11-16 13:53:16,730 [INFO] IPUIPlugin:63 - create IPUIPlugin
2019-11-16 13:53:16,730 [INFO] PluginManager:200 - loadIPPluginJar : add tim
2019-11-16 13:53:16,732 [INFO] IPUIPlugin:63 - create IPUIPlugin
2019-11-16 13:53:16,732 [INFO] PluginManager:200 - loadIPPluginJar : add spi
2019-11-16 13:53:16,734 [INFO] IPUIPlugin:63 - create IPUIPlugin
2019-11-16 13:53:16,734 [INFO] PluginManager:200 - loadIPPluginJar : add tracer_emb
2019-11-16 13:53:16,736 [INFO] IPUIPlugin:63 - create IPUIPlugin
2019-11-16 13:53:16,736 [INFO] PluginManager:200 - loadIPPluginJar : add gfxmmu
2019-11-16 13:53:16,741 [INFO] IPUIPlugin:63 - create IPUIPlugin
2019-11-16 13:53:16,741 [INFO] PluginManager:200 - loadIPPluginJar : add gic
2019-11-16 13:53:16,744 [INFO] IPUIPlugin:63 - create IPUIPlugin
2019-11-16 13:53:16,744 [INFO] PluginManager:200 - loadIPPluginJar : add ipddr
2019-11-16 13:53:16,745 [INFO] IPUIPlugin:63 - create IPUIPlugin
2019-11-16 13:53:16,746 [INFO] PluginManager:200 - loadIPPluginJar : add tsc
2019-11-16 13:53:16,747 [INFO] IPUIPlugin:63 - create IPUIPlugin
2019-11-16 13:53:16,747 [INFO] PluginManager:200 - loadIPPluginJar : add quadspi
2019-11-16 13:53:16,748 [INFO] IPUIPlugin:63 - create IPUIPlugin
2019-11-16 13:53:16,748 [INFO] PluginManager:200 - loadIPPluginJar : add fatfs
2019-11-16 13:53:16,830 [INFO] BoardConnectionPanel:220 - [DDR PANEL] osNameString: Linux
2019-11-16 13:53:16,937 [INFO] BoardConnectionPanel:3149 - [DDR PANEL] STM32CubeIDE environment
2019-11-16 13:53:16,937 [INFO] MainDdrPanel:100 - [DDR PANEL] GETTER - cubeProgrammerPath is: null
2019-11-16 13:53:17,154 [FATAL] Updater:277 - Updater called before beeing initialized
2019-11-16 13:53:17,290 [FATAL] Updater:277 - Updater called before beeing initialized
2019-11-16 13:53:17,299 [INFO] PinOutPanel:1367 - setPackage(No Configuration,No Configuration)
2019-11-16 13:53:17,299 [FATAL] Updater:277 - Updater called before beeing initialized
2019-11-16 13:53:17,304 [INFO] BoardConnectionPanel:3149 - [DDR PANEL] STM32CubeIDE environment
2019-11-16 13:53:17,305 [INFO] MainDdrPanel:100 - [DDR PANEL] GETTER - cubeProgrammerPath is: /opt/st/stm32cubeide_1.1.0/plugins/com.st.stm32cube.ide.mcu.externaltools.cubeprogrammer.linux64_1.1.0.201910081157/tools/bin
2019-11-16 13:53:17,309 [INFO] ProgrammerExecThread:148 - [ProgrammerAPI] CubeProgrammer command construction: /opt/st/stm32cubeide_1.1.0/plugins/com.st.stm32cube.ide.mcu.externaltools.cubeprogrammer.linux64_1.1.0.201910081157/tools/bin/STM32_Programmer_CLI -l
2019-11-16 13:53:17,409 [INFO] MainDdrPanel:90 - [DDR PANEL] SETTER - Set cubeProgrammerPath to: /opt/st/stm32cubeide_1.1.0/plugins/com.st.stm32cube.ide.mcu.externaltools.cubeprogrammer.linux64_1.1.0.201910081157/tools/bin
2019-11-16 13:53:17,414 [INFO] Updater:886 - Updater Version found : 5.4.0
2019-11-16 13:53:17,436 [INFO] ApplicationProperties:181 - Using Application install path: /opt/st/stm32cubeide_1.1.0/plugins/com.st.stm32cube.common.mx_5.4.0.201910091541
2019-11-16 13:53:18,047 [INFO] MainUpdater:2232 - connection check result : 10
2019-11-16 13:53:18,049 [INFO] MainUpdater:236 - Updater Check For Update Now.
2019-11-16 13:53:18,050 [INFO] MicroXplorer:420 - Change Database Version : DB.5.0.40
2019-11-16 13:53:18,080 [INFO] CheckServerUpdateThread:92 - End of CheckServer Thread
2019-11-16 13:53:18,254 [INFO] MainUpdater:2232 - connection check result : 10
2019-11-16 13:53:18,256 [INFO] LogOutputStream:76 - [STDOUT_REDIRECT] Successfull proxy connection.
2019-11-16 13:53:18,321 [INFO] McuFinderGlobals:40 - Set McuFinder mode to 2 (CubeIDE integrated)
2019-11-16 13:53:18,400 [INFO] FinderPluginLoader:86 - Searching for filters in installed packs
2019-11-16 13:53:18,404 [INFO] DbMcusXml:106 - Load MCU database from /opt/st/stm32cubeide_1.1.0/plugins/com.st.stm32cube.common.mx_5.4.0.201910091541//db//mcu/families.xml
2019-11-16 13:53:19,450 [INFO] ThirdPartyDb:264 - Close Third Party DataBase File (/home/fuad/.stm32cubemx/plugins/thirdparty/db/thirdparties_db.xml)
2019-11-16 13:53:19,571 [INFO] ThirdPartyDb:294 - Open Third Party DataBase File (/home/fuad/.stm32cubemx/plugins/thirdparty/db/thirdparties_db.xml) : 3 ms. number of Sw pack : 4
2019-11-16 13:53:19,571 [INFO] ThirdPartyDb:264 - Close Third Party DataBase File (/home/fuad/.stm32cubemx/plugins/thirdparty/db/thirdparties_db.xml)
2019-11-16 13:53:19,628 [INFO] IntegrityCheckThread:97 - End integrity checks thread
2019-11-16 13:53:19,664 [INFO] DbMcusJson:87 - JSON generation date=Mon Sep 23 13:35:45 AZT 2019 (1569231345)
2019-11-16 13:53:20,992 [INFO] DbMcus:193 - Found 1544 MCUs (1504 are supported by CubeMX, 1504 are visible in CubeMX)
2019-11-16 13:53:20,992 [INFO] ApiDb:158 - Load user favorites file /home/fuad/.stm32cubeide/favorites.mcus.txt: 0 item(s)
2019-11-16 13:53:20,993 [INFO] ApiDb:163 - User favorites MCUs=[]
2019-11-16 13:53:20,993 [INFO] DbMcus:204 - Set 0 / 0 favorites MCUs
2019-11-16 13:53:22,220 [INFO] DbMcusAds:130 - JSON generation date=Wed Feb 20 20:46:15 AZT 2019 (1550681175)
2019-11-16 13:53:22,246 [INFO] LoadUrlFilesThread:161 - End of LoadServerUrlFiles without Thread
2019-11-16 13:53:22,329 [INFO] McuDetailPanel:180 - Set advertising image to /home/fuad/STM32Cube/Repository//PRSTM32MP10219-01-med.jpg
2019-11-16 13:53:24,513 [INFO] McuFilterPanel:282 - Update 0 favorites MCUs
2019-11-16 13:53:24,747 [INFO] DbBoardsPdsc:92 - Found 9 items
2019-11-16 13:53:24,751 [INFO] DbBoardsPdsc:92 - Found 27 items
2019-11-16 13:53:24,752 [INFO] DbBoardsPdsc:92 - Found 1 items
2019-11-16 13:53:24,754 [INFO] DbBoardsPdsc:92 - Found 19 items
2019-11-16 13:53:24,756 [INFO] DbBoardsPdsc:92 - Found 1 items
2019-11-16 13:53:24,763 [INFO] DbBoardsPdsc:92 - Found 38 items
2019-11-16 13:53:24,768 [INFO] DbBoardsPdsc:92 - Found 38 items
2019-11-16 13:53:24,788 [INFO] DbBoardsJson:79 - JSON generation date=Fri Sep 27 15:37:26 AZT 2019 (1569584246)
2019-11-16 13:53:24,793 [INFO] DbBoards:120 - Found 133 boards (132 are supported by CubeMX)
2019-11-16 13:53:24,799 [INFO] DbBoardsDocs:118 - JSON generation date=Mon Sep 23 13:35:45 AZT 2019 (1569231345)
2019-11-16 13:53:24,807 [INFO] DbBoardsDocs:57 - Found 160 boards documents
2019-11-16 13:53:24,808 [WARN] DbBoards:130 - board P-NUCLEO-WB55-Nucleo has no document id list !
2019-11-16 13:53:24,809 [WARN] DbBoards:130 - board P-NUCLEO-WB55-USBDongle has no document id list !
2019-11-16 13:53:24,809 [WARN] DbBoards:130 - board P-NUCLEO-WB55 has no document id list !
2019-11-16 13:53:24,809 [WARN] DbBoards:130 - board NUCLEO-H743ZI2 has no document id list !
2019-11-16 13:53:24,809 [WARN] DbBoards:130 - board STEVAL-MKSBOX1V1 has no document id list !
2019-11-16 13:53:24,809 [WARN] DbBoards:130 - board STM32100E-EVAL has no document id list !
2019-11-16 13:53:24,810 [WARN] DbBoards:130 - board STM32303C-EVAL has no document id list !
2019-11-16 13:53:24,810 [WARN] DbBoards:130 - board STM32L152D-EVAL has no document id list !
2019-11-16 13:53:24,810 [WARN] DbBoards:130 - board STM32H743I-EVAL2 has no document id list !
2019-11-16 13:53:24,810 [WARN] DbBoards:130 - board STM32H753I-EVAL2 has no document id list !
2019-11-16 13:53:24,811 [WARN] DbBoards:130 - board STM32G474E-EVAL1 has no document id list !
2019-11-16 13:53:24,811 [WARN] DbBoards:130 - board STM32L552E-EV has no document id list !
2019-11-16 13:53:24,812 [WARN] DbBoards:130 - board STM32F401C-DISCO has no document id list !
2019-11-16 13:53:24,812 [WARN] DbBoards:130 - board STM32F769I-DISC1 has no document id list !
2019-11-16 13:53:24,812 [WARN] DbBoards:130 - board STM32L-DISCOVERY has no document id list !
2019-11-16 13:53:24,812 [WARN] DbBoards:130 - board STM32H747I-DISC1 has no document id list !
2019-11-16 13:53:24,813 [WARN] DbBoards:130 - board STM32MP157A-DK1 has no document id list !
2019-11-16 13:53:24,813 [WARN] DbBoards:130 - board STM32L562E-DK has no document id list !
2019-11-16 13:53:25,359 [ERROR] DbBoards:192 - Image file not found for board STM32H747I-EVAL: /opt/st/stm32cubeide_1.1.0/plugins/com.st.stm32cube.common.mx_5.4.0.201910091541//db//plugins/mcufinder/images/boards/stm32h747ieval_small.jpg
2019-11-16 13:53:25,360 [ERROR] DbBoards:192 - Image file not found for board STM32H757I-EVAL: /opt/st/stm32cubeide_1.1.0/plugins/com.st.stm32cube.common.mx_5.4.0.201910091541//db//plugins/mcufinder/images/boards/stm32h747ieval_small.jpg
2019-11-16 13:53:25,638 [ERROR] DbBoards:192 - Image file not found for board STM32G0316-DISCO: /opt/st/stm32cubeide_1.1.0/plugins/com.st.stm32cube.common.mx_5.4.0.201910091541//db//plugins/mcufinder/images/boards/stm32g0316discovery_small.jpg
2019-11-16 13:53:25,704 [INFO] ApiDb:158 - Load user favorites file /home/fuad/.stm32cubeide/favorites.boards.txt: 0 item(s)
2019-11-16 13:53:25,704 [INFO] ApiDb:163 - User favorites Boards=[]
2019-11-16 13:53:25,704 [INFO] DbBoards:209 - Set 0 / 0 favorites Boards
2019-11-16 13:53:25,775 [INFO] LoadUrlFilesThread:161 - End of LoadServerUrlFiles without Thread
2019-11-16 13:53:25,775 [INFO] BoardDetailPanel:179 - Set advertising image to /home/fuad/STM32Cube/Repository//PRSTM32MP10219-01-med.jpg
2019-11-16 13:53:25,807 [INFO] BoardFilterPanel:211 - Update 0 favorites Boards
2019-11-16 13:53:25,870 [INFO] CrossSelectorPresenter:1319 - Cross Selector saved comparison directory: /home/fuad/.stmcufinder/plugins/mcufinder/mcu/cs_comparisons_mx
2019-11-16 13:58:35,376 [INFO] Activator:176 - 


2019-11-16 13:58:35,379 [INFO] Activator:177 - !SESSION log4j initialized
2019-11-16 13:58:40,219 [ERROR] ApiDbMcu:1412 - Can't use Application install path:
2019-11-16 13:58:40,221 [WARN] RulesReader:54 - Compatibility file://mcu/compatibility.xml not found
